[2025-09-20T11:34:41.207Z] [info] generating client configuration for: test-client
[2025-09-20T11:35:29.744Z] [info] generating client configuration for: test-client
[2025-09-20T14:05:15.671Z] [info] generating client configuration for: test-client
[2025-09-20T14:05:15.671Z] [info] using requested seed: 123456789
[2025-09-20T14:46:50.453Z] [info] generating client configuration for: test_client
[2025-09-20T14:46:50.453Z] [info] generated seed: 10579455850665182382
[2025-09-20T14:50:37.481Z] [info] generating client configuration for: test_client
[2025-09-20T14:50:37.481Z] [info] generated seed: 12683154549704260204
[2025-09-20T14:51:08.846Z] [info] generating client configuration for: test_client
[2025-09-20T14:51:08.846Z] [info] generated seed: 11752027581156497354
[2025-09-20T14:54:30.217Z] [info] generating client configuration for: test_client
[2025-09-20T14:54:30.217Z] [info] generated seed: 8374960171869503167
[2025-09-20T14:56:52.484Z] [info] generating client configuration for: teste-client
[2025-09-20T14:56:52.484Z] [info] generated seed: 14440898720857683027
[2025-09-20T15:11:54.613Z] [info] generating client configuration for: teste-client
[2025-09-20T15:11:54.613Z] [info] generated seed: 17696180917972433132
[2025-09-20T15:14:55.773Z] [info] generating client configuration for: teste-client
[2025-09-20T15:14:55.773Z] [info] generated seed: 16364955847907074377
[2025-09-21T00:20:09.165Z] [info] generating client configuration for: test-client
[2025-09-21T00:20:09.166Z] [info] generated seed: 17354908848544546029
[2025-09-21T00:23:56.286Z] [info] generating client configuration for: test-client
[2025-09-21T00:23:56.286Z] [info] using requested seed: 12345
[2025-09-21T00:24:02.878Z] [info] generating client configuration for: test-client
[2025-09-21T00:24:02.878Z] [info] using requested seed: 12345
[2025-09-21T00:24:50.460Z] [info] generating client configuration for: test-client
[2025-09-21T00:24:50.460Z] [info] using requested seed: 12345
[2025-09-21T00:27:44.342Z] [info] generating client configuration for: test_client_123
[2025-09-21T00:27:44.342Z] [info] using requested seed: 987654321
[2025-09-21T00:27:44.344Z] [info] client generated - id: test_client_123-20250921-002744-4052, exit_ip: 2a0e:b107:1ef0:1e0b:b26e:df41:0c49:ca6f
[2025-09-21T00:27:51.068Z] [info] generating client configuration for: test_client_456
[2025-09-21T00:27:51.068Z] [info] using requested seed: 123456789
[2025-09-21T00:27:51.069Z] [info] client generated - id: test_client_456-20250921-002751-2285, exit_ip: 2a0e:b107:1ef0:5ed3:4848:b5cd:4f0e:1083
[2025-09-21T00:31:18.350Z] [info] generating client configuration for: test_client_123
[2025-09-21T00:31:18.351Z] [info] using requested seed: 987654321
[2025-09-21T00:31:18.352Z] [info] client generated - id: test_client_123-20250921-003118-8377, exit_ip: 2a0e:b107:1ef0:d99f:b2eb:b810:74f3:7a39
[2025-09-21T00:31:32.460Z] [info] generating client configuration for: test1
[2025-09-21T00:31:32.460Z] [info] using requested seed: 111111111
[2025-09-21T00:31:32.461Z] [info] client generated - id: test1-20250921-003132-3888, exit_ip: 2a0e:b107:1ef0:e396:3d33:4035:8729:f208
[2025-09-21T00:31:32.465Z] [info] generating client configuration for: test2
[2025-09-21T00:31:32.465Z] [info] using requested seed: 222222222
[2025-09-21T00:31:32.467Z] [info] client generated - id: test2-20250921-003132-1546, exit_ip: 2a0e:b107:1ef0:52bd:2eae:7261:8999:a61b
[2025-09-21T00:31:32.471Z] [info] generating client configuration for: test3
[2025-09-21T00:31:32.471Z] [info] using requested seed: 333333333
[2025-09-21T00:31:32.472Z] [info] client generated - id: test3-20250921-003132-5042, exit_ip: 2a0e:b107:1ef0:e12c:0083:20d8:add9:260b
[2025-09-21T00:32:43.907Z] [info] generating client configuration for: final_test
[2025-09-21T00:32:43.907Z] [info] using requested seed: 999888777
[2025-09-21T00:32:43.908Z] [info] client generated - id: final_test-20250921-003243-3187, exit_ip: 2a0e:b107:1ef0:ab17:bcae:34ff:b1be:e217
[2025-09-21T05:18:45.050Z] [info] generating client configuration for: enigmaweb
[2025-09-21T05:18:53.646Z] [info] generating client configuration for: enigmaweb
[2025-09-21T05:18:53.646Z] [info] generated seed: 5947743681650912688
[2025-09-21T05:18:53.647Z] [info] client generated - id: enigmaweb-20250921-051853-7612, exit_ip: 2a0e:b107:1ef0:fbca:6c8f:52bd:6f98:4547
[2025-09-21T05:24:19.202Z] [info] generating client configuration for: enigmaweb
[2025-09-21T05:24:19.202Z] [info] using requested seed: 123456789
[2025-09-21T05:24:19.203Z] [info] client generated - id: enigmaweb-20250921-052419-2525, exit_ip: 2a0e:b107:1ef0:c042:cb23:6dbe:8dda:c82f
[2025-09-21T05:25:07.005Z] [info] generating client configuration for: enigmaweb
[2025-09-21T05:25:07.005Z] [info] using requested seed: 4516414090228029725
[2025-09-21T05:25:07.007Z] [info] client generated - id: enigmaweb-20250921-052507-7611, exit_ip: 2a0e:b107:1ef0:b349:a870:b0ef:7a44:f64a
[2025-09-21T05:25:31.265Z] [info] generating client configuration for: enigmaweb
[2025-09-21T05:25:31.265Z] [info] using requested seed: 4516414090228029725
[2025-09-21T05:25:31.266Z] [info] client generated - id: enigmaweb-20250921-052531-6408, exit_ip: 2a0e:b107:1ef0:e73c:88c2:2ac4:2596:cf9c
[2025-09-23T19:52:09.170Z] [info] generating client configuration for: cliente_teste
[2025-09-23T19:52:09.170Z] [info] generated seed: 3650162512091879035
[2025-09-23T19:52:09.172Z] [info] client generated - id: cliente_teste-20250923-195209-4811, exit_ip: 2a0e:b107:1ef0:c248:7eda:8975:11f9:a031
[2025-09-24T07:50:14.787Z] [info] generating client configuration for: cliente_ipv6
[2025-09-24T07:50:14.787Z] [info] generated seed: 12461934230599580895
[2025-09-24T07:50:14.788Z] [info] client generated - id: cliente_ipv6-20250924-075014-6766, exit_ip: 2a0e:b107:1ef0:abf6:75eb:932e:352b:3f4e
